14:01:07 **** Incremental Build of configuration Debug for project lazyboy ****
make all 
Building file: ../move.cpp
Invoking: GCC C++ Compiler
g++ -O0 -g3 -Wall -c -fmessage-length=0 -MMD -MP -MF"move.d" -MT"move.o" -o "move.o" "../move.cpp"
Finished building: ../move.cpp
 
Building file: ../movesort.cpp
Invoking: GCC C++ Compiler
g++ -O0 -g3 -Wall -c -fmessage-length=0 -MMD -MP -MF"movesort.d" -MT"movesort.o" -o "movesort.o" "../movesort.cpp"
Finished building: ../movesort.cpp
 
Building file: ../position.cpp
Invoking: GCC C++ Compiler
g++ -O0 -g3 -Wall -c -fmessage-length=0 -MMD -MP -MF"position.d" -MT"position.o" -o "position.o" "../position.cpp"
Finished building: ../position.cpp
 
Building file: ../rollback.cpp
Invoking: GCC C++ Compiler
g++ -O0 -g3 -Wall -c -fmessage-length=0 -MMD -MP -MF"rollback.d" -MT"rollback.o" -o "rollback.o" "../rollback.cpp"
Finished building: ../rollback.cpp
 
Building file: ../search.cpp
Invoking: GCC C++ Compiler
g++ -O0 -g3 -Wall -c -fmessage-length=0 -MMD -MP -MF"search.d" -MT"search.o" -o "search.o" "../search.cpp"
Finished building: ../search.cpp
 
Building target: lazyboy
Invoking: MacOS X C++ Linker
g++  -o "lazyboy"  ./evaluate.o ./hash.o ./lazyboy.o ./move.o ./movesort.o ./position.o ./rollback.o ./search.o ./time.o ./ucci.o   
Finished building target: lazyboy
 
14:01:13 **** Incremental Build of configuration Debug for project lazyboy ****
make all 
make: Nothing to be done for `all'.
14:02:58 **** Incremental Build of configuration Debug for project lazyboy ****
make all 
Building file: ../evaluate.cpp
Invoking: GCC C++ Compiler
g++ -O0 -g3 -Wall -c -fmessage-length=0 -MMD -MP -MF"evaluate.d" -MT"evaluate.o" -o "evaluate.o" "../evaluate.cpp"
Finished building: ../evaluate.cpp
 
Building target: lazyboy
Invoking: MacOS X C++ Linker
g++  -o "lazyboy"  ./evaluate.o ./hash.o ./lazyboy.o ./move.o ./movesort.o ./position.o ./rollback.o ./search.o ./time.o ./ucci.o   
Finished building target: lazyboy
 
14:06:50 **** Incremental Build of configuration Debug for project lazyboy ****
make all 
Building file: ../move.cpp
Invoking: GCC C++ Compiler
g++ -O0 -g3 -Wall -c -fmessage-length=0 -MMD -MP -MF"move.d" -MT"move.o" -o "move.o" "../move.cpp"
../move.cpp:792:36: warning: invalid conversion specifier '
' [-Wformat-invalid-specifier]
                                printf("k = %d hit = %d dst = %\n", k, PAWN_HIT[ piece[i+ST] ][ST][k], dst);
                                                              ~^
1 warning generated.
Finished building: ../move.cpp
 
Building target: lazyboy
Invoking: MacOS X C++ Linker
g++  -o "lazyboy"  ./evaluate.o ./hash.o ./lazyboy.o ./move.o ./movesort.o ./position.o ./rollback.o ./search.o ./time.o ./ucci.o   
Finished building target: lazyboy
 
14:06:59 **** Incremental Build of configuration Debug for project lazyboy ****
make all 
Building file: ../move.cpp
Invoking: GCC C++ Compiler
g++ -O0 -g3 -Wall -c -fmessage-length=0 -MMD -MP -MF"move.d" -MT"move.o" -o "move.o" "../move.cpp"
Finished building: ../move.cpp
 
Building target: lazyboy
Invoking: MacOS X C++ Linker
g++  -o "lazyboy"  ./evaluate.o ./hash.o ./lazyboy.o ./move.o ./movesort.o ./position.o ./rollback.o ./search.o ./time.o ./ucci.o   
Finished building target: lazyboy
 
14:08:33 **** Incremental Build of configuration Debug for project lazyboy ****
make all 
Building file: ../move.cpp
Invoking: GCC C++ Compiler
g++ -O0 -g3 -Wall -c -fmessage-length=0 -MMD -MP -MF"move.d" -MT"move.o" -o "move.o" "../move.cpp"
Finished building: ../move.cpp
 
Building target: lazyboy
Invoking: MacOS X C++ Linker
g++  -o "lazyboy"  ./evaluate.o ./hash.o ./lazyboy.o ./move.o ./movesort.o ./position.o ./rollback.o ./search.o ./time.o ./ucci.o   
Finished building target: lazyboy
 
14:09:34 **** Incremental Build of configuration Debug for project lazyboy ****
make all 
Building file: ../move.cpp
Invoking: GCC C++ Compiler
g++ -O0 -g3 -Wall -c -fmessage-length=0 -MMD -MP -MF"move.d" -MT"move.o" -o "move.o" "../move.cpp"
Finished building: ../move.cpp
 
Building target: lazyboy
Invoking: MacOS X C++ Linker
g++  -o "lazyboy"  ./evaluate.o ./hash.o ./lazyboy.o ./move.o ./movesort.o ./position.o ./rollback.o ./search.o ./time.o ./ucci.o   
Finished building target: lazyboy
 
14:16:32 **** Incremental Build of configuration Debug for project lazyboy ****
make all 
Building file: ../lazyboy.cpp
Invoking: GCC C++ Compiler
g++ -O0 -g3 -Wall -c -fmessage-length=0 -MMD -MP -MF"lazyboy.d" -MT"lazyboy.o" -o "lazyboy.o" "../lazyboy.cpp"
Finished building: ../lazyboy.cpp
 
Building target: lazyboy
Invoking: MacOS X C++ Linker
g++  -o "lazyboy"  ./evaluate.o ./hash.o ./lazyboy.o ./move.o ./movesort.o ./position.o ./rollback.o ./search.o ./time.o ./ucci.o   
Finished building target: lazyboy
 
14:17:54 **** Incremental Build of configuration Debug for project lazyboy ****
make all 
Building file: ../move.cpp
Invoking: GCC C++ Compiler
g++ -O0 -g3 -Wall -c -fmessage-length=0 -MMD -MP -MF"move.d" -MT"move.o" -o "move.o" "../move.cpp"
Finished building: ../move.cpp
 
Building target: lazyboy
Invoking: MacOS X C++ Linker
g++  -o "lazyboy"  ./evaluate.o ./hash.o ./lazyboy.o ./move.o ./movesort.o ./position.o ./rollback.o ./search.o ./time.o ./ucci.o   
Finished building target: lazyboy
 
14:18:14 **** Incremental Build of configuration Debug for project lazyboy ****
make all 
Building file: ../lazyboy.cpp
Invoking: GCC C++ Compiler
g++ -O0 -g3 -Wall -c -fmessage-length=0 -MMD -MP -MF"lazyboy.d" -MT"lazyboy.o" -o "lazyboy.o" "../lazyboy.cpp"
Finished building: ../lazyboy.cpp
 
Building target: lazyboy
Invoking: MacOS X C++ Linker
g++  -o "lazyboy"  ./evaluate.o ./hash.o ./lazyboy.o ./move.o ./movesort.o ./position.o ./rollback.o ./search.o ./time.o ./ucci.o   
Finished building target: lazyboy
 
14:21:50 **** Incremental Build of configuration Debug for project lazyboy ****
make all 
Building file: ../move.cpp
Invoking: GCC C++ Compiler
g++ -O0 -g3 -Wall -c -fmessage-length=0 -MMD -MP -MF"move.d" -MT"move.o" -o "move.o" "../move.cpp"
Finished building: ../move.cpp
 
Building target: lazyboy
Invoking: MacOS X C++ Linker
g++  -o "lazyboy"  ./evaluate.o ./hash.o ./lazyboy.o ./move.o ./movesort.o ./position.o ./rollback.o ./search.o ./time.o ./ucci.o   
Finished building target: lazyboy
 
14:24:10 **** Incremental Build of configuration Debug for project lazyboy ****
make all 
Building file: ../move.cpp
Invoking: GCC C++ Compiler
g++ -O0 -g3 -Wall -c -fmessage-length=0 -MMD -MP -MF"move.d" -MT"move.o" -o "move.o" "../move.cpp"
Finished building: ../move.cpp
 
Building target: lazyboy
Invoking: MacOS X C++ Linker
g++  -o "lazyboy"  ./evaluate.o ./hash.o ./lazyboy.o ./move.o ./movesort.o ./position.o ./rollback.o ./search.o ./time.o ./ucci.o   
Finished building target: lazyboy
 
14:25:43 **** Incremental Build of configuration Debug for project lazyboy ****
make all 
Building file: ../move.cpp
Invoking: GCC C++ Compiler
g++ -O0 -g3 -Wall -c -fmessage-length=0 -MMD -MP -MF"move.d" -MT"move.o" -o "move.o" "../move.cpp"
Finished building: ../move.cpp
 
Building target: lazyboy
Invoking: MacOS X C++ Linker
g++  -o "lazyboy"  ./evaluate.o ./hash.o ./lazyboy.o ./move.o ./movesort.o ./position.o ./rollback.o ./search.o ./time.o ./ucci.o   
Finished building target: lazyboy
 
14:28:16 **** Incremental Build of configuration Debug for project lazyboy ****
make all 
Building file: ../move.cpp
Invoking: GCC C++ Compiler
g++ -O0 -g3 -Wall -c -fmessage-length=0 -MMD -MP -MF"move.d" -MT"move.o" -o "move.o" "../move.cpp"
Finished building: ../move.cpp
 
Building target: lazyboy
Invoking: MacOS X C++ Linker
g++  -o "lazyboy"  ./evaluate.o ./hash.o ./lazyboy.o ./move.o ./movesort.o ./position.o ./rollback.o ./search.o ./time.o ./ucci.o   
Finished building target: lazyboy
 
14:28:27 **** Incremental Build of configuration Debug for project lazyboy ****
make all 
Building file: ../evaluate.cpp
Invoking: GCC C++ Compiler
g++ -O0 -g3 -Wall -c -fmessage-length=0 -MMD -MP -MF"evaluate.d" -MT"evaluate.o" -o "evaluate.o" "../evaluate.cpp"
Finished building: ../evaluate.cpp
 
Building target: lazyboy
Invoking: MacOS X C++ Linker
g++  -o "lazyboy"  ./evaluate.o ./hash.o ./lazyboy.o ./move.o ./movesort.o ./position.o ./rollback.o ./search.o ./time.o ./ucci.o   
Finished building target: lazyboy
 
14:30:35 **** Incremental Build of configuration Debug for project lazyboy ****
make all 
Building file: ../lazyboy.cpp
Invoking: GCC C++ Compiler
g++ -O0 -g3 -Wall -c -fmessage-length=0 -MMD -MP -MF"lazyboy.d" -MT"lazyboy.o" -o "lazyboy.o" "../lazyboy.cpp"
Finished building: ../lazyboy.cpp
 
Building target: lazyboy
Invoking: MacOS X C++ Linker
g++  -o "lazyboy"  ./evaluate.o ./hash.o ./lazyboy.o ./move.o ./movesort.o ./position.o ./rollback.o ./search.o ./time.o ./ucci.o   
Finished building target: lazyboy
 
14:31:59 **** Incremental Build of configuration Debug for project lazyboy ****
make all 
Building file: ../evaluate.cpp
Invoking: GCC C++ Compiler
g++ -O0 -g3 -Wall -c -fmessage-length=0 -MMD -MP -MF"evaluate.d" -MT"evaluate.o" -o "evaluate.o" "../evaluate.cpp"
Finished building: ../evaluate.cpp
 
Building target: lazyboy
Invoking: MacOS X C++ Linker
g++  -o "lazyboy"  ./evaluate.o ./hash.o ./lazyboy.o ./move.o ./movesort.o ./position.o ./rollback.o ./search.o ./time.o ./ucci.o   
Finished building target: lazyboy
 
14:33:03 **** Incremental Build of configuration Debug for project lazyboy ****
make all 
Building file: ../lazyboy.cpp
Invoking: GCC C++ Compiler
g++ -O0 -g3 -Wall -c -fmessage-length=0 -MMD -MP -MF"lazyboy.d" -MT"lazyboy.o" -o "lazyboy.o" "../lazyboy.cpp"
Finished building: ../lazyboy.cpp
 
Building target: lazyboy
Invoking: MacOS X C++ Linker
g++  -o "lazyboy"  ./evaluate.o ./hash.o ./lazyboy.o ./move.o ./movesort.o ./position.o ./rollback.o ./search.o ./time.o ./ucci.o   
Finished building target: lazyboy
 
14:34:09 **** Incremental Build of configuration Debug for project lazyboy ****
make all 
Building file: ../lazyboy.cpp
Invoking: GCC C++ Compiler
g++ -O0 -g3 -Wall -c -fmessage-length=0 -MMD -MP -MF"lazyboy.d" -MT"lazyboy.o" -o "lazyboy.o" "../lazyboy.cpp"
Finished building: ../lazyboy.cpp
 
Building target: lazyboy
Invoking: MacOS X C++ Linker
g++  -o "lazyboy"  ./evaluate.o ./hash.o ./lazyboy.o ./move.o ./movesort.o ./position.o ./rollback.o ./search.o ./time.o ./ucci.o   
Finished building target: lazyboy
 
14:35:28 **** Incremental Build of configuration Debug for project lazyboy ****
make all 
Building file: ../lazyboy.cpp
Invoking: GCC C++ Compiler
g++ -O0 -g3 -Wall -c -fmessage-length=0 -MMD -MP -MF"lazyboy.d" -MT"lazyboy.o" -o "lazyboy.o" "../lazyboy.cpp"
Finished building: ../lazyboy.cpp
 
Building target: lazyboy
Invoking: MacOS X C++ Linker
g++  -o "lazyboy"  ./evaluate.o ./hash.o ./lazyboy.o ./move.o ./movesort.o ./position.o ./rollback.o ./search.o ./time.o ./ucci.o   
Finished building target: lazyboy
 
